

Started GET "/favicon.ico" for 127.0.0.1 at 2013-05-13 00:17:47 +0800

ActionController::RoutingError (No route matches [GET] "/favicon.ico"):
  actionpack (3.2.0) lib/action_dispatch/middleware/debug_exceptions.rb:21:in `call'
  actionpack (3.2.0) lib/action_dispatch/middleware/show_exceptions.rb:56:in `call'
  railties (3.2.0) lib/rails/rack/logger.rb:26:in `call_app'
  railties (3.2.0) lib/rails/rack/logger.rb:16:in `call'
  actionpack (3.2.0) lib/action_dispatch/middleware/request_id.rb:22:in `call'
  rack (1.4.5) lib/rack/methodoverride.rb:21:in `call'
  rack (1.4.5) lib/rack/runtime.rb:17:in `call'
  activesupport (3.2.0) lib/active_support/cache/strategy/local_cache.rb:72:in `call'
  rack (1.4.5) lib/rack/lock.rb:15:in `call'
  actionpack (3.2.0) lib/action_dispatch/middleware/static.rb:53:in `call'
  railties (3.2.0) lib/rails/engine.rb:479:in `call'
  railties (3.2.0) lib/rails/application.rb:220:in `call'
  rack (1.4.5) lib/rack/content_length.rb:14:in `call'
  railties (3.2.0) lib/rails/rack/log_tailer.rb:14:in `call'
  rack (1.4.5) lib/rack/handler/webrick.rb:59:in `service'
  /home/kevin/.rvm/rubies/ruby-1.9.3-p286/lib/ruby/1.9.1/webrick/httpserver.rb:138:in `service'
  /home/kevin/.rvm/rubies/ruby-1.9.3-p286/lib/ruby/1.9.1/webrick/httpserver.rb:94:in `run'
  /home/kevin/.rvm/rubies/ruby-1.9.3-p286/lib/ruby/1.9.1/webrick/server.rb:191:in `block in start_thread'




Started GET "/favicon.ico" for 127.0.0.1 at 2013-05-13 00:17:49 +0800

ActionController::RoutingError (No route matches [GET] "/favicon.ico"):
  actionpack (3.2.0) lib/action_dispatch/middleware/debug_exceptions.rb:21:in `call'
  actionpack (3.2.0) lib/action_dispatch/middleware/show_exceptions.rb:56:in `call'
  railties (3.2.0) lib/rails/rack/logger.rb:26:in `call_app'
  railties (3.2.0) lib/rails/rack/logger.rb:16:in `call'
  actionpack (3.2.0) lib/action_dispatch/middleware/request_id.rb:22:in `call'
  rack (1.4.5) lib/rack/methodoverride.rb:21:in `call'
  rack (1.4.5) lib/rack/runtime.rb:17:in `call'
  activesupport (3.2.0) lib/active_support/cache/strategy/local_cache.rb:72:in `call'
  rack (1.4.5) lib/rack/lock.rb:15:in `call'
  actionpack (3.2.0) lib/action_dispatch/middleware/static.rb:53:in `call'
  railties (3.2.0) lib/rails/engine.rb:479:in `call'
  railties (3.2.0) lib/rails/application.rb:220:in `call'
  rack (1.4.5) lib/rack/content_length.rb:14:in `call'
  railties (3.2.0) lib/rails/rack/log_tailer.rb:14:in `call'
  rack (1.4.5) lib/rack/handler/webrick.rb:59:in `service'
  /home/kevin/.rvm/rubies/ruby-1.9.3-p286/lib/ruby/1.9.1/webrick/httpserver.rb:138:in `service'
  /home/kevin/.rvm/rubies/ruby-1.9.3-p286/lib/ruby/1.9.1/webrick/httpserver.rb:94:in `run'
  /home/kevin/.rvm/rubies/ruby-1.9.3-p286/lib/ruby/1.9.1/webrick/server.rb:191:in `block in start_thread'


